Using pre-set license
Built from '2021.1/staging' branch; Version is '2021.1.19f1 (5f5eb8bbdc25) revision 6250168'; Using compiler version '192528614'; Build Type 'Release'
OS: 'Windows 10 Pro; OS build 19042.1348; Version 2009; 64bit' Language: 'cs' Physical Memory: 8041 MB
BatchMode: 1, IsHumanControllingUs: 0, StartBugReporterOnCrash: 0, Is64bit: 1, IsPro: 0

COMMAND LINE ARGUMENTS:
D:\Program Files\Unity 2021.1.19f1\Editor\Unity.exe
-adb2
-batchMode
-noUpm
-name
AssetImportWorker1
-projectPath
C:/Users/Jakub/OneDrive - OAUH/Dokumenty/jumpogame2
-logFile
Logs/AssetImportWorker1.log
-srvPort
65506
Successfully changed project path to: C:/Users/Jakub/OneDrive - OAUH/Dokumenty/jumpogame2
C:/Users/Jakub/OneDrive - OAUH/Dokumenty/jumpogame2
Using Asset Import Pipeline V2.
Refreshing native plugins compatible for Editor in 235.09 ms, found 4 plugins.
Preloading 0 native plugins for Editor in 0.00 ms.
Initialize engine version: 2021.1.19f1 (5f5eb8bbdc25)
[Subsystems] Discovering subsystems at path D:/Program Files/Unity 2021.1.19f1/Editor/Data/Resources/UnitySubsystems
[Subsystems] Discovering subsystems at path C:/Users/Jakub/OneDrive - OAUH/Dokumenty/jumpogame2/Assets
GfxDevice: creating device client; threaded=0; jobified=0
Direct3D:
    Version:  Direct3D 11.0 [level 11.1]
    Renderer: NVIDIA GeForce GTX 1050 Ti (ID=0x1c82)
    Vendor:   NVIDIA
    VRAM:     4018 MB
    Driver:   30.0.14.9709
Initialize mono
Mono path[0] = 'D:/Program Files/Unity 2021.1.19f1/Editor/Data/Managed'
Mono path[1] = 'D:/Program Files/Unity 2021.1.19f1/Editor/Data/MonoBleedingEdge/lib/mono/unityjit'
Mono config path = 'D:/Program Files/Unity 2021.1.19f1/Editor/Data/MonoBleedingEdge/etc'
Using monoOptions --debugger-agent=transport=dt_socket,embedding=1,server=y,suspend=n,address=127.0.0.1:56836
Begin MonoManager ReloadAssembly
Registering precompiled unity dll's ...
Register platform support module: D:/Program Files/Unity 2021.1.19f1/Editor/Data/PlaybackEngines/WindowsStandaloneSupport/UnityEditor.WindowsStandalone.Extensions.dll
Registered in 0.001781 seconds.
